--- Startup times for process: Primary (or UI client) ---

times in msec
 clock   self+sourced   self:  sourced script
 clock   elapsed:              other lines

000.000  000.000: --- NVIM STARTING ---
000.053  000.053: event init
000.135  000.082: early init
000.467  000.332: locale set
000.497  000.030: init first window
000.938  000.441: inits 1
000.944  000.007: window checked
000.949  000.005: parsing arguments
001.541  000.032  000.032: require('vim.shared')
001.608  000.026  000.026: require('vim.inspect')
001.638  000.024  000.024: require('vim._options')
001.640  000.095  000.045: require('vim._editor')
001.641  000.154  000.027: require('vim._init_packages')
001.643  000.539: init lua interpreter
003.754  002.111: nvim_ui_attach
003.909  000.155: nvim_set_client_info
003.909  000.001: --- NVIM STARTED ---

--- Startup times for process: Embedded ---

times in msec
 clock   self+sourced   self:  sourced script
 clock   elapsed:              other lines

000.000  000.000: --- NVIM STARTING ---
000.057  000.057: event init
000.162  000.105: early init
000.348  000.186: locale set
000.370  000.022: init first window
000.668  000.298: inits 1
000.680  000.012: window checked
000.685  000.005: parsing arguments
001.013  000.028  000.028: require('vim.shared')
001.071  000.024  000.024: require('vim.inspect')
001.099  000.022  000.022: require('vim._options')
001.100  000.085  000.039: require('vim._editor')
001.101  000.140  000.027: require('vim._init_packages')
001.102  000.277: init lua interpreter
002.511  001.409: expanding arguments
002.523  000.012: inits 2
002.709  000.187: init highlight
002.710  000.001: waiting for UI
002.813  000.103: done waiting for UI
002.817  000.004: clear screen
002.903  000.011  000.011: require('vim.keymap')
003.495  000.089  000.089: sourcing nvim_exec2()
017.051  014.232  014.133: require('vim._defaults')
017.055  000.006: init default mappings & autocommands
017.541  000.207  000.207: sourcing /opt/homebrew/Cellar/neovim/0.11.4/share/nvim/runtime/ftplugin.vim
017.770  000.168  000.168: sourcing /opt/homebrew/Cellar/neovim/0.11.4/share/nvim/runtime/indent.vim
017.788  000.358: sourcing vimrc file(s)
018.214  000.017  000.017: sourcing nvim_exec2() called at /opt/homebrew/Cellar/neovim/0.11.4/share/nvim/runtime/filetype.lua:0
018.216  000.368  000.351: sourcing /opt/homebrew/Cellar/neovim/0.11.4/share/nvim/runtime/filetype.lua
018.633  000.163  000.163: sourcing /opt/homebrew/Cellar/neovim/0.11.4/share/nvim/runtime/syntax/synload.vim
018.689  000.411  000.248: sourcing /opt/homebrew/Cellar/neovim/0.11.4/share/nvim/runtime/syntax/syntax.vim
019.493  000.208  000.208: sourcing /opt/homebrew/Cellar/neovim/0.11.4/share/nvim/runtime/plugin/gzip.vim
020.212  000.225  000.225: sourcing /opt/homebrew/Cellar/neovim/0.11.4/share/nvim/runtime/pack/dist/opt/matchit/plugin/matchit.vim
020.236  000.698  000.473: sourcing /opt/homebrew/Cellar/neovim/0.11.4/share/nvim/runtime/plugin/matchit.vim
020.498  000.230  000.230: sourcing /opt/homebrew/Cellar/neovim/0.11.4/share/nvim/runtime/plugin/matchparen.vim
021.302  000.253  000.253: sourcing /opt/homebrew/Cellar/neovim/0.11.4/share/nvim/runtime/pack/dist/opt/netrw/plugin/netrwPlugin.vim
021.345  000.798  000.545: sourcing /opt/homebrew/Cellar/neovim/0.11.4/share/nvim/runtime/plugin/netrwPlugin.vim
021.460  000.053  000.053: sourcing /opt/homebrew/Cellar/neovim/0.11.4/share/nvim/runtime/plugin/rplugin.vim
021.568  000.064  000.064: sourcing /opt/homebrew/Cellar/neovim/0.11.4/share/nvim/runtime/plugin/shada.vim
021.640  000.028  000.028: sourcing /opt/homebrew/Cellar/neovim/0.11.4/share/nvim/runtime/plugin/spellfile.vim
021.745  000.061  000.061: sourcing /opt/homebrew/Cellar/neovim/0.11.4/share/nvim/runtime/plugin/tarPlugin.vim
021.821  000.031  000.031: sourcing /opt/homebrew/Cellar/neovim/0.11.4/share/nvim/runtime/plugin/tutor.vim
021.948  000.077  000.077: sourcing /opt/homebrew/Cellar/neovim/0.11.4/share/nvim/runtime/plugin/zipPlugin.vim
022.059  000.071  000.071: sourcing /opt/homebrew/Cellar/neovim/0.11.4/share/nvim/runtime/plugin/editorconfig.lua
022.201  000.101  000.101: sourcing /opt/homebrew/Cellar/neovim/0.11.4/share/nvim/runtime/plugin/man.lua
022.328  000.088  000.088: sourcing /opt/homebrew/Cellar/neovim/0.11.4/share/nvim/runtime/plugin/osc52.lua
022.433  000.065  000.065: sourcing /opt/homebrew/Cellar/neovim/0.11.4/share/nvim/runtime/plugin/tohtml.lua
022.456  001.317: loading rtp plugins
022.529  000.074: loading packages
022.693  000.163: loading after plugins
022.699  000.006: inits 3
022.702  000.003: reading ShaDa
022.752  000.050: opening buffers
022.761  000.009: BufEnter autocommands
022.762  000.001: editing files in windows
022.786  000.023: --- NVIM STARTED ---

