--- Startup times for process: Primary (or UI client) ---

times in msec
 clock   self+sourced   self:  sourced script
 clock   elapsed:              other lines

000.000  000.000: --- NVIM STARTING ---
000.052  000.052: event init
000.127  000.075: early init
000.414  000.287: locale set
000.432  000.018: init first window
000.698  000.266: inits 1
000.702  000.004: window checked
000.704  000.002: parsing arguments
001.116  000.019  000.019: require('vim.shared')
001.155  000.015  000.015: require('vim.inspect')
001.173  000.015  000.015: require('vim._options')
001.174  000.057  000.027: require('vim._editor')
001.175  000.091  000.016: require('vim._init_packages')
001.176  000.381: init lua interpreter
002.892  001.716: nvim_ui_attach
003.046  000.154: nvim_set_client_info
003.046  000.001: --- NVIM STARTED ---

--- Startup times for process: Embedded ---

times in msec
 clock   self+sourced   self:  sourced script
 clock   elapsed:              other lines

000.000  000.000: --- NVIM STARTING ---
000.039  000.038: event init
000.106  000.068: early init
000.192  000.085: locale set
000.207  000.016: init first window
000.424  000.217: inits 1
000.433  000.009: window checked
000.435  000.002: parsing arguments
000.645  000.017  000.017: require('vim.shared')
000.692  000.015  000.015: require('vim.inspect')
000.709  000.013  000.013: require('vim._options')
000.709  000.064  000.036: require('vim._editor')
000.710  000.096  000.015: require('vim._init_packages')
000.711  000.180: init lua interpreter
001.984  001.273: expanding arguments
001.991  000.007: inits 2
002.104  000.113: init highlight
002.105  000.001: waiting for UI
002.170  000.065: done waiting for UI
002.174  000.004: clear screen
002.238  000.007  000.007: require('vim.keymap')
002.765  000.071  000.071: sourcing nvim_exec2()
019.296  017.121  017.042: require('vim._defaults')
019.299  000.005: init default mappings & autocommands
019.805  000.195  000.195: sourcing /opt/homebrew/Cellar/neovim/0.11.4/share/nvim/runtime/ftplugin.vim
020.411  000.556  000.556: sourcing /opt/homebrew/Cellar/neovim/0.11.4/share/nvim/runtime/indent.vim
021.009  000.368  000.368: require('config.options')
022.433  000.003  000.003: require('vim.F')
022.480  001.101  001.098: require('vim.diagnostic')
022.535  001.525  000.424: require('config.keymaps')
022.780  000.009  000.009: sourcing nvim_exec2() called at /Users/liamvinberg/.config/nvim/init.lua:0
022.782  000.246  000.237: require('config.autocmds')
023.446  000.446  000.446: require('lazy')
023.463  000.007  000.007: require('ffi')
023.492  000.019  000.019: require('vim.fs')
023.699  000.206  000.206: require('vim.uri')
023.704  000.240  000.015: require('vim.loader')
023.937  000.220  000.220: require('lazy.stats')
024.597  000.635  000.635: require('lazy.core.util')
024.785  000.187  000.187: require('lazy.core.config')
025.207  000.165  000.165: require('lazy.core.handler')
025.776  000.138  000.138: require('lazy.pkg')
025.778  000.350  000.212: require('lazy.core.meta')
025.781  000.573  000.223: require('lazy.core.plugin')
025.784  000.998  000.260: require('lazy.core.loader')
026.114  000.101  000.101: require('lazy.core.fragments')
030.371  000.109  000.109: require('lazy.core.handler.cmd')
030.608  000.107  000.107: require('lazy.core.handler.event')
030.609  000.233  000.126: require('lazy.core.handler.ft')
030.713  000.102  000.102: require('lazy.core.handler.keys')
031.857  000.002  000.002: sourcing nvim_exec2() called at /Users/liamvinberg/.config/nvim/init.lua:0
031.870  000.001  000.001: sourcing nvim_exec2() called at /Users/liamvinberg/.config/nvim/init.lua:0
032.241  000.097  000.097: sourcing nvim_exec2() called at /opt/homebrew/Cellar/neovim/0.11.4/share/nvim/runtime/filetype.lua:0
032.242  000.275  000.178: sourcing /opt/homebrew/Cellar/neovim/0.11.4/share/nvim/runtime/filetype.lua
032.248  000.323  000.047: sourcing nvim_exec2() called at /Users/liamvinberg/.config/nvim/init.lua:0
032.324  000.001  000.001: sourcing nvim_exec2() called at /Users/liamvinberg/.config/nvim/init.lua:0
032.328  000.001  000.001: sourcing nvim_exec2() called at /Users/liamvinberg/.config/nvim/init.lua:0
032.981  000.171  000.171: require('tokyonight.config')
032.983  000.653  000.482: require('tokyonight')
033.729  000.090  000.090: require('tokyonight.util')
033.731  000.175  000.085: require('tokyonight.theme')
033.956  000.166  000.166: require('tokyonight.colors')
034.156  000.078  000.078: require('tokyonight.colors.storm')
034.297  000.084  000.084: require('tokyonight.hsluv')
034.768  000.227  000.227: require('tokyonight.groups')
035.503  002.042  001.312: sourcing /Users/liamvinberg/.local/share/nvim/lazy/tokyonight/colors/tokyonight.lua
035.508  002.479  000.437: sourcing nvim_exec2() called at /Users/liamvinberg/.config/nvim/init.lua:0
035.834  000.156  000.156: sourcing /Users/liamvinberg/.local/share/nvim/lazy/plenary.nvim/plugin/plenary.vim
035.838  000.192  000.036: sourcing nvim_exec2() called at /Users/liamvinberg/.config/nvim/init.lua:0
035.841  000.001  000.001: sourcing nvim_exec2() called at /Users/liamvinberg/.config/nvim/init.lua:0
035.845  000.000  000.000: sourcing nvim_exec2() called at /Users/liamvinberg/.config/nvim/init.lua:0
035.929  000.001  000.001: sourcing nvim_exec2() called at /Users/liamvinberg/.config/nvim/init.lua:0
035.932  000.000  000.000: sourcing nvim_exec2() called at /Users/liamvinberg/.config/nvim/init.lua:0
035.936  000.000  000.000: sourcing nvim_exec2() called at /Users/liamvinberg/.config/nvim/init.lua:0
035.939  000.000  000.000: sourcing nvim_exec2() called at /Users/liamvinberg/.config/nvim/init.lua:0
037.408  000.550  000.550: require('leetcode.config.template')
037.814  000.130  000.130: require('plenary.bit')
037.931  000.116  000.116: require('plenary.functional')
037.947  000.539  000.292: require('plenary.path')
038.102  000.154  000.154: require('leetcode.config.langs')
038.190  000.087  000.087: require('leetcode.config.icons')
038.264  000.073  000.073: require('leetcode.config.sessions')
038.333  000.069  000.069: require('leetcode.config.stats')
038.407  000.073  000.073: require('leetcode.config.imports')
038.508  000.100  000.100: require('leetcode.config.hooks')
038.509  001.881  000.237: require('leetcode.config')
038.510  002.459  000.579: require('leetcode')
038.921  000.084  000.084: require('leetcode.translator')
038.927  000.191  000.107: require('leetcode.logger')
039.058  000.131  000.131: require('leetcode.command.arguments')
039.545  000.156  000.156: require('vim.version')
040.141  000.867  000.711: require('nui.utils')
040.142  000.975  000.108: require('nui.utils.buf_storage')
040.146  001.087  000.112: require('nui.utils.autocmd')
040.154  001.631  000.222: require('leetcode.command')
041.235  000.186  000.186: require('nvim-ts-autotag._log')
041.322  000.087  000.087: require('nvim-ts-autotag.config.init')
042.313  000.095  000.095: require('vim.treesitter.language')
042.392  000.077  000.077: require('vim.func')
042.480  000.086  000.086: require('vim.func._memoize')
042.492  000.483  000.225: require('vim.treesitter.query')
042.572  000.079  000.079: require('vim.treesitter._range')
042.578  000.813  000.251: require('vim.treesitter.languagetree')
042.581  000.945  000.132: require('vim.treesitter')
042.583  001.040  000.095: require('nvim-ts-autotag.utils')
042.585  001.141  000.102: require('nvim-ts-autotag.config.ft')
042.586  001.263  000.122: require('nvim-ts-autotag.config.plugin')
042.589  001.791  000.255: require('nvim-ts-autotag.internal')
042.590  002.130  000.338: require('nvim-ts-autotag')
043.079  000.108  000.108: require('nvim-treesitter.utils')
043.944  000.865  000.865: require('nvim-treesitter.parsers')
044.466  000.070  000.070: require('nvim-treesitter.compat')
044.706  000.168  000.168: require('nvim-treesitter.ts_utils')
044.709  000.242  000.075: require('nvim-treesitter.tsrange')
044.786  000.076  000.076: require('nvim-treesitter.caching')
044.793  000.582  000.193: require('nvim-treesitter.query')
044.801  000.764  000.182: require('nvim-treesitter.configs')
044.803  000.858  000.094: require('nvim-treesitter.info')
044.903  000.100  000.100: require('nvim-treesitter.shell_command_selectors')
044.917  002.228  000.298: require('nvim-treesitter.install')
044.991  000.073  000.073: require('nvim-treesitter.statusline')
045.073  000.082  000.082: require('nvim-treesitter.query_predicates')
045.075  002.483  000.101: require('nvim-treesitter')
045.076  004.707  000.095: sourcing /Users/liamvinberg/.local/share/nvim/lazy/nvim-ts-autotag/plugin/nvim-ts-autotag.lua
045.081  004.755  000.047: sourcing nvim_exec2() called at /Users/liamvinberg/.config/nvim/init.lua:0
045.086  000.002  000.002: sourcing nvim_exec2() called at /Users/liamvinberg/.config/nvim/init.lua:0
045.091  000.001  000.001: sourcing nvim_exec2() called at /Users/liamvinberg/.config/nvim/init.lua:0
045.419  000.204  000.204: require('vim.iter')
045.769  000.615  000.410: sourcing /Users/liamvinberg/.local/share/nvim/lazy/nvim-treesitter/plugin/nvim-treesitter.lua
045.799  000.678  000.063: sourcing nvim_exec2() called at /Users/liamvinberg/.config/nvim/init.lua:0
045.802  000.001  000.001: sourcing nvim_exec2() called at /Users/liamvinberg/.config/nvim/init.lua:0
045.807  000.000  000.000: sourcing nvim_exec2() called at /Users/liamvinberg/.config/nvim/init.lua:0
063.805  000.213  000.213: require('nvim-treesitter.highlight')
064.023  000.006  000.006: sourcing nvim_exec2() called at /Users/liamvinberg/.config/nvim/init.lua:0
064.028  000.001  000.001: sourcing nvim_exec2() called at /Users/liamvinberg/.config/nvim/init.lua:0
065.267  000.575  000.575: require('mason-core.path')
065.655  000.102  000.102: require('mason-core.functional.data')
065.774  000.117  000.117: require('mason-core.functional.function')
065.890  000.114  000.114: require('mason-core.functional.list')
066.050  000.145  000.145: require('mason-core.functional.relation')
066.159  000.107  000.107: require('mason-core.functional.logic')
066.254  000.094  000.094: require('mason-core.functional.number')
066.462  000.203  000.203: require('mason-core.functional.string')
066.775  000.309  000.309: require('mason-core.functional.table')
066.922  000.144  000.144: require('mason-core.functional.type')
066.928  001.510  000.175: require('mason-core.functional')
066.985  001.717  000.208: require('mason-core.platform')
067.206  000.219  000.219: require('mason.settings')
067.213  002.741  000.228: require('mason-core.installer.InstallLocation')
067.664  000.182  000.182: require('mason-core.log')
067.666  000.305  000.123: require('mason-core.EventEmitter')
067.784  000.118  000.118: require('mason-registry.sources')
067.793  000.580  000.157: require('mason-registry')
067.794  003.693  000.373: require('mason')
068.053  000.110  000.110: require('mason.api.command')
068.086  000.003  000.003: sourcing nvim_exec2() called at /Users/liamvinberg/.config/nvim/init.lua:0
068.091  000.001  000.001: sourcing nvim_exec2() called at /Users/liamvinberg/.config/nvim/init.lua:0
068.373  000.075  000.075: sourcing /Users/liamvinberg/.local/share/nvim/lazy/mason-tool-installer.nvim/plugin/mason-tool-installer.lua
068.382  000.128  000.053: sourcing nvim_exec2() called at /Users/liamvinberg/.config/nvim/init.lua:0
068.385  000.001  000.001: sourcing nvim_exec2() called at /Users/liamvinberg/.config/nvim/init.lua:0
068.389  000.001  000.001: sourcing nvim_exec2() called at /Users/liamvinberg/.config/nvim/init.lua:0
068.520  000.001  000.001: sourcing nvim_exec2() called at /Users/liamvinberg/.config/nvim/init.lua:0
068.523  000.001  000.001: sourcing nvim_exec2() called at /Users/liamvinberg/.config/nvim/init.lua:0
069.361  000.088  000.088: require('fidget.spinner.patterns')
069.362  000.166  000.078: require('fidget.spinner')
069.908  000.371  000.371: require('fidget.health')
069.910  000.547  000.175: require('fidget.options')
069.913  000.801  000.089: require('fidget.progress.display')
070.207  000.107  000.107: require('fidget.logger')
070.731  000.115  000.115: require('vim.lsp.log')
071.361  000.629  000.629: require('vim.lsp.protocol')
071.753  000.391  000.391: require('vim.lsp.util')
071.962  000.094  000.094: require('vim.lsp.sync')
071.964  000.210  000.116: require('vim.lsp._changetracking')
072.332  000.183  000.183: require('vim.lsp._transport')
072.339  000.373  000.190: require('vim.lsp.rpc')
072.387  002.179  000.461: require('vim.lsp')
073.070  000.323  000.323: require('vim.lsp.completion')
073.108  000.719  000.396: require('vim.lsp.handlers')
073.111  003.197  000.192: require('fidget.progress.lsp')
073.510  000.107  000.107: require('fidget.poll')
073.513  000.199  000.092: require('fidget.notification.model')
073.731  000.218  000.218: require('fidget.notification.window')
073.948  000.216  000.216: require('fidget.notification.view')
073.968  000.752  000.119: require('fidget.notification')
073.970  000.858  000.107: require('fidget.progress.handle')
073.975  004.957  000.100: require('fidget.progress')
074.193  000.217  000.217: require('fidget.commands')
074.386  000.100  000.100: require('fidget.integration.nvim-tree')
074.491  000.104  000.104: require('fidget.integration.xcodebuild-nvim')
074.509  000.315  000.110: require('fidget.integration')
074.541  005.939  000.450: require('fidget')
074.857  000.004  000.004: sourcing nvim_exec2() called at /Users/liamvinberg/.config/nvim/init.lua:0
074.861  000.000  000.000: sourcing nvim_exec2() called at /Users/liamvinberg/.config/nvim/init.lua:0
075.546  000.524  000.524: require('blink.cmp')
075.936  000.168  000.168: require('blink.cmp.lib.async')
076.129  000.090  000.090: require('blink.cmp.config.utils')
076.232  000.102  000.102: require('blink.cmp.config.keymap')
076.428  000.095  000.095: require('blink.cmp.config.completion.keyword')
076.526  000.098  000.098: require('blink.cmp.config.completion.trigger')
076.642  000.115  000.115: require('blink.cmp.config.completion.list')
076.756  000.114  000.114: require('blink.cmp.config.completion.accept')
076.974  000.216  000.216: require('blink.cmp.config.completion.menu')
077.171  000.197  000.197: require('blink.cmp.config.completion.documentation')
077.338  000.166  000.166: require('blink.cmp.config.completion.ghost_text')
077.339  001.106  000.105: require('blink.cmp.config.completion')
077.490  000.150  000.150: require('blink.cmp.config.fuzzy')
077.658  000.167  000.167: require('blink.cmp.config.sources')
077.746  000.087  000.087: require('blink.cmp.config.signature')
077.935  000.188  000.188: require('blink.cmp.config.snippets')
078.017  000.082  000.082: require('blink.cmp.config.appearance')
078.096  000.078  000.078: require('blink.cmp.config.modes.cmdline')
078.188  000.092  000.092: require('blink.cmp.config.modes.term')
078.190  002.253  000.110: require('blink.cmp.config')
078.289  000.098  000.098: require('blink.cmp.lib.utils')
078.378  000.089  000.089: require('blink.cmp.lib.event_emitter')
078.381  002.830  000.222: require('blink.cmp.sources.lib')
078.391  003.443  000.089: sourcing /Users/liamvinberg/.local/share/nvim/lazy/blink.cmp/plugin/blink-cmp.lua
078.397  003.494  000.052: sourcing nvim_exec2() called at /Users/liamvinberg/.config/nvim/init.lua:0
078.401  000.001  000.001: sourcing nvim_exec2() called at /Users/liamvinberg/.config/nvim/init.lua:0
078.410  000.001  000.001: sourcing nvim_exec2() called at /Users/liamvinberg/.config/nvim/init.lua:0
079.412  000.120  000.120: require('blink.cmp.config.modes.types')
080.090  000.239  000.239: require('blink.cmp.fuzzy.download.system')
080.120  000.381  000.142: require('blink.cmp.fuzzy.download.files')
080.121  000.498  000.117: require('blink.cmp.fuzzy.download.git')
080.123  000.610  000.112: require('blink.cmp.fuzzy.download')
080.304  000.114  000.114: require('vim._system')
117.318  001.314  001.314: require('vim.filetype')
118.172  000.099  000.099: require('luasnip.util.types')
118.174  000.250  000.151: require('luasnip.util.ext_opts')
118.555  000.143  000.143: require('luasnip.util.lazy_table')
118.717  000.160  000.160: require('luasnip.extras.filetype_functions')
118.722  000.432  000.129: require('luasnip.default_config')
118.723  000.548  000.117: require('luasnip.session')
118.724  001.286  000.487: require('luasnip.config')
119.412  000.104  000.104: require('luasnip.util.vimversion')
119.415  000.379  000.275: require('luasnip.util.util')
119.755  000.092  000.092: require('luasnip.nodes.key_indexer')
119.844  000.088  000.088: require('luasnip.util.feedkeys')
119.846  000.430  000.250: require('luasnip.nodes.util')
120.029  000.094  000.094: require('luasnip.session.snippet_collection.source')
120.112  000.083  000.083: require('luasnip.util.table')
120.198  000.085  000.085: require('luasnip.util.auto_table')
120.201  000.354  000.092: require('luasnip.session.snippet_collection')
120.478  000.083  000.083: require('luasnip.util.select')
120.597  000.118  000.118: require('luasnip.util.time')
120.818  000.514  000.314: require('luasnip.util._builtin_vars')
120.860  000.659  000.145: require('luasnip.util.environ')
120.945  000.085  000.085: require('luasnip.util.extend_decorator')
121.151  000.100  000.100: require('luasnip.util.path')
121.362  000.127  000.127: require('luasnip.util.log')
121.364  000.212  000.085: require('luasnip.loaders.util')
121.440  000.075  000.075: require('luasnip.loaders.data')
121.666  000.225  000.225: require('luasnip.loaders.fs_watchers')
121.667  000.701  000.088: require('luasnip.loaders')
121.693  002.965  000.357: require('luasnip')
121.712  005.801  000.237: sourcing /Users/liamvinberg/.local/share/nvim/lazy/LuaSnip/plugin/luasnip.lua
121.720  005.853  000.052: sourcing nvim_exec2() called at /Users/liamvinberg/.config/nvim/init.lua:0
121.880  000.107  000.107: sourcing /Users/liamvinberg/.local/share/nvim/lazy/LuaSnip/plugin/luasnip.vim
121.884  000.159  000.052: sourcing nvim_exec2() called at /Users/liamvinberg/.config/nvim/init.lua:0
121.888  000.001  000.001: sourcing nvim_exec2() called at /Users/liamvinberg/.config/nvim/init.lua:0
121.893  000.001  000.001: sourcing nvim_exec2() called at /Users/liamvinberg/.config/nvim/init.lua:0
121.896  006.375  000.361: require('luasnip')
122.649  000.080  000.080: require('luasnip.session.enqueueable_operations')
123.143  000.077  000.077: require('luasnip.util.events')
123.147  000.173  000.096: require('luasnip.nodes.node')
123.408  000.260  000.260: require('luasnip.nodes.insertNode')
123.620  000.212  000.212: require('luasnip.nodes.textNode')
123.700  000.078  000.078: require('luasnip.util.mark')
123.781  000.081  000.081: require('luasnip.util.pattern_tokenizer')
123.876  000.094  000.094: require('luasnip.util.dict')
125.314  001.341  001.341: require('luasnip.util.jsregexp')
125.316  001.439  000.098: require('luasnip.nodes.util.trig_engines')
125.345  002.612  000.275: require('luasnip.nodes.snippet')
125.721  000.111  000.111: require('luasnip.util.parser.neovim_ast')
125.808  000.086  000.086: require('luasnip.util.str')
126.192  000.382  000.382: require('luasnip.util.jsregexp')
126.296  000.104  000.104: require('luasnip.util.directed_graph')
126.298  000.856  000.173: require('luasnip.util.parser.ast_utils')
126.431  000.132  000.132: require('luasnip.nodes.functionNode')
126.549  000.117  000.117: require('luasnip.nodes.choiceNode')
126.684  000.134  000.134: require('luasnip.nodes.dynamicNode')
126.797  000.112  000.112: require('luasnip.util.functions')
126.799  001.453  000.102: require('luasnip.util.parser.ast_parser')
127.074  000.274  000.274: require('luasnip.util.parser.neovim_parser')
127.076  004.427  000.087: require('luasnip.util.parser')
127.189  000.112  000.112: require('luasnip.nodes.snippetProxy')
127.382  000.191  000.191: require('luasnip.util.jsonc')
127.566  000.084  000.084: require('luasnip.nodes.duplicate')
127.567  000.184  000.099: require('luasnip.loaders.snippet_cache')
127.571  005.249  000.255: require('luasnip.loaders.from_vscode')
130.935  000.091  000.091: require('luasnip.nodes.multiSnippet')
131.882  000.128  000.128: require('luasnip.loaders.from_lua')
134.791  000.300  000.300: require('lspconfig.util')
134.806  000.510  000.210: sourcing /Users/liamvinberg/.local/share/nvim/lazy/nvim-lspconfig/plugin/lspconfig.lua
134.811  000.558  000.048: sourcing nvim_exec2() called at /Users/liamvinberg/.config/nvim/init.lua:0
134.815  000.002  000.002: sourcing nvim_exec2() called at /Users/liamvinberg/.config/nvim/init.lua:0
134.823  000.001  000.001: sourcing nvim_exec2() called at /Users/liamvinberg/.config/nvim/init.lua:0
135.028  000.084  000.084: require('mason.version')
135.035  000.193  000.109: require('mason-tool-installer')
135.243  000.096  000.096: require('mason-lspconfig.settings')
135.246  000.204  000.108: require('mason-lspconfig')
135.481  000.001  000.001: sourcing nvim_exec2() called at /Users/liamvinberg/.config/nvim/init.lua:0
135.485  000.001  000.001: sourcing nvim_exec2() called at /Users/liamvinberg/.config/nvim/init.lua:0
135.556  000.188  000.186: require('mason-nvim-dap.mappings.source')
135.674  000.113  000.113: require('mason-core.async')
135.870  000.110  000.110: require('mason-core.async.control')
136.072  000.201  000.201: require('mason-core.result')
136.602  000.321  000.321: require('mason-core.async.uv')
136.606  000.533  000.213: require('mason-core.fs')
136.615  000.940  000.096: require('mason-registry.installer')
137.113  000.184  000.184: require('mason-core.optional')
137.602  000.212  000.212: require('mason-core.process')
137.826  000.223  000.223: require('mason-core.spawn')
137.830  000.595  000.159: require('mason-core.installer.managers.powershell')
137.832  000.717  000.123: require('mason-core.fetch')
137.960  000.128  000.128: require('mason-core.providers')
138.805  000.268  000.268: require('mason-core.purl')
138.809  000.510  000.242: require('mason-core.package.AbstractPackage')
139.151  000.080  000.080: require('mason-core.installer.compiler.expr')
139.156  000.171  000.090: require('mason-core.installer.compiler.link')
139.549  000.073  000.073: require('mason-core.installer.context.InstallContextCwd')
139.623  000.073  000.073: require('mason-core.installer.context.InstallContextFs')
139.691  000.067  000.067: require('mason-core.installer.context.InstallContextSpawn')
139.786  000.094  000.094: require('mason-core.receipt')
139.797  000.402  000.096: require('mason-core.installer.context')
139.798  000.480  000.078: require('mason-core.installer')
139.805  000.572  000.091: require('mason-core.installer.managers.std')
139.806  000.650  000.078: require('mason-core.installer.compiler.schemas')
139.925  000.118  000.118: require('mason-core.installer.compiler.util')
139.929  001.033  000.096: require('mason-core.installer.compiler')
140.031  000.101  000.101: require('mason-core.installer.linker')
140.033  001.223  000.089: require('mason-core.installer.InstallRunner')
140.135  000.101  000.101: require('mason-core.installer.UninstallRunner')
140.138  002.037  000.203: require('mason-core.package')
140.139  002.178  000.140: require('mason-registry.sources.util')
140.143  003.378  000.171: require('mason-registry.sources.github')
142.127  000.080  000.080: require('mason-lspconfig.mappings')
142.129  000.191  000.110: require('mason-lspconfig.features.automatic_enable')
146.273  000.074  000.074: require('mason-lspconfig.notify')
146.283  000.209  000.135: require('mason-lspconfig.api.command')
146.461  000.004  000.004: sourcing nvim_exec2() called at /Users/liamvinberg/.config/nvim/init.lua:0
146.466  000.001  000.001: sourcing nvim_exec2() called at /Users/liamvinberg/.config/nvim/init.lua:0
146.903  000.436  000.436: require('mini.ai')
147.458  000.272  000.272: require('mini.surround')
147.873  000.240  000.240: require('mini.move')
148.150  000.236  000.236: require('mini.statusline')
148.564  000.395  000.395: require('mini.align')
148.610  000.004  000.004: sourcing nvim_exec2() called at /Users/liamvinberg/.config/nvim/init.lua:0
148.612  000.001  000.001: sourcing nvim_exec2() called at /Users/liamvinberg/.config/nvim/init.lua:0
148.614  000.001  000.001: sourcing nvim_exec2() called at /Users/liamvinberg/.config/nvim/init.lua:0
149.315  000.229  000.229: require('render-markdown.config.injections')
149.724  000.408  000.408: require('render-markdown.config.patterns')
149.829  000.104  000.104: require('render-markdown.config.anti_conceal')
149.936  000.106  000.106: require('render-markdown.config.padding')
150.036  000.100  000.100: require('render-markdown.config.latex')
150.161  000.124  000.124: require('render-markdown.config.on')
150.271  000.109  000.109: require('render-markdown.config.completions')
150.396  000.125  000.125: require('render-markdown.config.heading')
150.513  000.116  000.116: require('render-markdown.config.paragraph')
150.618  000.104  000.104: require('render-markdown.config.code')
150.713  000.094  000.094: require('render-markdown.config.dash')
150.822  000.108  000.108: require('render-markdown.config.document')
150.918  000.096  000.096: require('render-markdown.config.bullet')
151.009  000.090  000.090: require('render-markdown.config.checkbox')
151.095  000.085  000.085: require('render-markdown.config.quote')
151.180  000.084  000.084: require('render-markdown.config.pipe_table')
151.282  000.082  000.082: require('render-markdown.config.callout')
151.366  000.082  000.082: require('render-markdown.config.link')
151.436  000.069  000.069: require('render-markdown.config.sign')
151.509  000.073  000.073: require('render-markdown.config.inline_highlight')
151.580  000.070  000.070: require('render-markdown.config.indent')
151.670  000.090  000.090: require('render-markdown.config.html')
151.765  000.093  000.093: require('render-markdown.config.win_options')
151.846  000.080  000.080: require('render-markdown.config.overrides')
151.923  000.077  000.077: require('render-markdown.config.handlers')
151.999  000.075  000.075: require('render-markdown.config.yaml')
152.000  003.136  000.260: require('render-markdown')
152.178  000.177  000.177: require('render-markdown.lib.presets')
152.335  000.081  000.081: require('render-markdown.lib.compat')
152.554  000.218  000.218: require('render-markdown.lib.env')
152.997  000.172  000.172: require('render-markdown.lib.str')
152.999  000.264  000.092: require('render-markdown.lib.line')
153.086  000.086  000.086: require('render-markdown.lib.resolved')
153.266  000.179  000.179: require('render-markdown.lib.iter')
153.267  000.617  000.088: require('render-markdown.lib.config')
153.269  000.712  000.096: require('render-markdown.state')
153.432  000.086  000.086: require('render-markdown.core.log')
153.955  000.378  000.378: require('render-markdown.request.callout')
154.042  000.087  000.087: require('render-markdown.request.checkbox')
154.214  000.085  000.085: require('render-markdown.lib.interval')
154.216  000.174  000.088: require('render-markdown.request.conceal')
154.300  000.084  000.084: require('render-markdown.request.latex')
154.390  000.088  000.088: require('render-markdown.request.offset')
154.469  000.078  000.078: require('render-markdown.request.used')
154.756  000.205  000.205: require('render-markdown.lib.node')
154.759  000.289  000.085: require('render-markdown.request.view')
154.763  001.258  000.080: require('render-markdown.request.context')
154.844  000.081  000.081: require('render-markdown.lib.marks')
154.932  000.087  000.087: require('render-markdown.core.ts')
154.933  001.501  000.075: require('render-markdown.handler.html')
155.226  000.086  000.086: require('render-markdown.lib.indent')
155.232  000.298  000.212: require('render-markdown.handler.latex')
155.397  000.165  000.165: require('render-markdown.handler.markdown')
155.579  000.181  000.181: require('render-markdown.handler.markdown_inline')
155.657  000.077  000.077: require('render-markdown.handler.yaml')
155.659  002.389  000.082: require('render-markdown.core.handlers')
156.393  000.135  000.135: require('render-markdown.lib.decorator')
156.503  000.108  000.108: require('render-markdown.lib.extmark')
156.511  000.361  000.118: require('render-markdown.core.ui')
156.517  000.850  000.489: require('render-markdown.core.manager')
156.758  000.132  000.132: require('render-markdown.integ.source')
156.760  000.236  000.105: require('render-markdown.integ.blink')
156.860  000.099  000.099: require('render-markdown.core.colors')
157.079  000.083  000.083: require('render-markdown.api')
157.081  000.169  000.086: require('render-markdown.core.command')
157.129  008.427  000.358: sourcing /Users/liamvinberg/.local/share/nvim/lazy/render-markdown.nvim/plugin/render-markdown.lua
157.136  008.477  000.051: sourcing nvim_exec2() called at /Users/liamvinberg/.config/nvim/init.lua:0
157.142  000.002  000.002: sourcing nvim_exec2() called at /Users/liamvinberg/.config/nvim/init.lua:0
157.148  000.001  000.001: sourcing nvim_exec2() called at /Users/liamvinberg/.config/nvim/init.lua:0
157.403  000.145  000.145: sourcing /Users/liamvinberg/.local/share/nvim/lazy/luau-lsp.nvim/plugin/luau-lsp.lua
157.407  000.197  000.052: sourcing nvim_exec2() called at /Users/liamvinberg/.config/nvim/init.lua:0
157.410  000.001  000.001: sourcing nvim_exec2() called at /Users/liamvinberg/.config/nvim/init.lua:0
157.413  000.000  000.000: sourcing nvim_exec2() called at /Users/liamvinberg/.config/nvim/init.lua:0
157.905  000.435  000.435: require('luau-lsp')
158.418  000.092  000.092: require('luau-lsp.util')
158.424  000.184  000.092: require('luau-lsp.log')
158.426  000.515  000.331: require('luau-lsp.config')
159.148  000.239  000.239: require('treesitter-context.config')
159.152  000.553  000.314: require('treesitter-context')
159.184  000.645  000.091: sourcing /Users/liamvinberg/.local/share/nvim/lazy/nvim-treesitter-context/plugin/treesitter-context.lua
159.189  000.680  000.036: sourcing nvim_exec2() called at /Users/liamvinberg/.config/nvim/init.lua:0
159.191  000.001  000.001: sourcing nvim_exec2() called at /Users/liamvinberg/.config/nvim/init.lua:0
159.195  000.000  000.000: sourcing nvim_exec2() called at /Users/liamvinberg/.config/nvim/init.lua:0
159.682  000.233  000.233: require('vim.treesitter.highlighter')
159.943  000.260  000.260: require('treesitter-context.util')
159.946  000.700  000.206: require('treesitter-context.render')
160.216  000.001  000.001: sourcing nvim_exec2() called at /Users/liamvinberg/.config/nvim/init.lua:0
160.220  000.000  000.000: sourcing nvim_exec2() called at /Users/liamvinberg/.config/nvim/init.lua:0
161.034  000.811  000.811: require('mini.icons')
161.054  000.001  000.001: sourcing nvim_exec2() called at /Users/liamvinberg/.config/nvim/init.lua:0
161.057  000.000  000.000: sourcing nvim_exec2() called at /Users/liamvinberg/.config/nvim/init.lua:0
161.423  000.341  000.341: require('oil')
161.707  000.283  000.283: require('oil.ringbuf')
161.913  000.205  000.205: require('oil.config')
162.626  000.174  000.174: require('oil.log')
162.640  000.348  000.174: require('oil.fs')
163.072  000.164  000.164: require('oil.constants')
163.102  000.462  000.298: require('oil.util')
163.369  000.151  000.151: sourcing /opt/homebrew/Cellar/neovim/0.11.4/share/nvim/runtime/plugin/editorconfig.lua
163.374  000.186  000.035: sourcing nvim_exec2() called at /Users/liamvinberg/.config/nvim/init.lua:0
163.594  000.178  000.178: sourcing /opt/homebrew/Cellar/neovim/0.11.4/share/nvim/runtime/plugin/gzip.vim
163.604  000.219  000.041: sourcing nvim_exec2() called at /Users/liamvinberg/.config/nvim/init.lua:0
163.835  000.185  000.185: sourcing /opt/homebrew/Cellar/neovim/0.11.4/share/nvim/runtime/plugin/man.lua
163.840  000.232  000.047: sourcing nvim_exec2() called at /Users/liamvinberg/.config/nvim/init.lua:0
186.405  021.994  021.994: sourcing /opt/homebrew/Cellar/neovim/0.11.4/share/nvim/runtime/pack/dist/opt/matchit/plugin/matchit.vim
186.424  022.548  000.554: sourcing /opt/homebrew/Cellar/neovim/0.11.4/share/nvim/runtime/plugin/matchit.vim
186.428  022.585  000.036: sourcing nvim_exec2() called at /Users/liamvinberg/.config/nvim/init.lua:0
186.743  000.269  000.269: sourcing /opt/homebrew/Cellar/neovim/0.11.4/share/nvim/runtime/plugin/matchparen.vim
186.750  000.315  000.045: sourcing nvim_exec2() called at /Users/liamvinberg/.config/nvim/init.lua:0
186.913  000.114  000.114: sourcing /opt/homebrew/Cellar/neovim/0.11.4/share/nvim/runtime/plugin/netrwPlugin.vim
186.921  000.166  000.052: sourcing nvim_exec2() called at /Users/liamvinberg/.config/nvim/init.lua:0
187.103  000.142  000.142: sourcing /opt/homebrew/Cellar/neovim/0.11.4/share/nvim/runtime/plugin/osc52.lua
187.108  000.184  000.043: sourcing nvim_exec2() called at /Users/liamvinberg/.config/nvim/init.lua:0
187.335  000.186  000.186: sourcing /opt/homebrew/Cellar/neovim/0.11.4/share/nvim/runtime/plugin/rplugin.vim
187.340  000.230  000.043: sourcing nvim_exec2() called at /Users/liamvinberg/.config/nvim/init.lua:0
187.497  000.120  000.120: sourcing /opt/homebrew/Cellar/neovim/0.11.4/share/nvim/runtime/plugin/shada.vim
187.502  000.158  000.038: sourcing nvim_exec2() called at /Users/liamvinberg/.config/nvim/init.lua:0
187.654  000.112  000.112: sourcing /opt/homebrew/Cellar/neovim/0.11.4/share/nvim/runtime/plugin/spellfile.vim
187.659  000.155  000.043: sourcing nvim_exec2() called at /Users/liamvinberg/.config/nvim/init.lua:0
187.840  000.149  000.149: sourcing /opt/homebrew/Cellar/neovim/0.11.4/share/nvim/runtime/plugin/tarPlugin.vim
187.864  000.202  000.053: sourcing nvim_exec2() called at /Users/liamvinberg/.config/nvim/init.lua:0
187.997  000.100  000.100: sourcing /opt/homebrew/Cellar/neovim/0.11.4/share/nvim/runtime/plugin/tohtml.lua
188.000  000.134  000.035: sourcing nvim_exec2() called at /Users/liamvinberg/.config/nvim/init.lua:0
188.064  000.028  000.028: sourcing /opt/homebrew/Cellar/neovim/0.11.4/share/nvim/runtime/plugin/tutor.vim
188.070  000.068  000.040: sourcing nvim_exec2() called at /Users/liamvinberg/.config/nvim/init.lua:0
188.189  000.069  000.069: sourcing /opt/homebrew/Cellar/neovim/0.11.4/share/nvim/runtime/plugin/zipPlugin.vim
188.197  000.112  000.043: sourcing nvim_exec2() called at /Users/liamvinberg/.config/nvim/init.lua:0
188.283  165.500  076.782: require('core.lazy')
188.283  167.790  000.151: sourcing /Users/liamvinberg/.config/nvim/init.lua
188.293  000.452: sourcing vimrc file(s)
188.596  000.035  000.035: sourcing /opt/homebrew/Cellar/neovim/0.11.4/share/nvim/runtime/filetype.lua
188.990  000.106  000.106: sourcing /opt/homebrew/Cellar/neovim/0.11.4/share/nvim/runtime/syntax/synload.vim
189.026  000.372  000.266: sourcing /opt/homebrew/Cellar/neovim/0.11.4/share/nvim/runtime/syntax/syntax.vim
189.035  000.334: inits 3
189.845  000.810: reading ShaDa
190.579  000.329  000.329: require('luasnip.loaders.from_snipmate')
190.613  000.440: opening buffers
190.627  000.014: BufEnter autocommands
190.628  000.001: editing files in windows
190.649  000.021: --- NVIM STARTED ---

